\BOOKMARK [1][-]{section.1}{Introduction}{}% 1
\BOOKMARK [1][-]{section.2}{System\040Design\040and\040Implementation}{}% 2
\BOOKMARK [2][-]{subsection.2.1}{Medical\040Image\040Acquisition}{section.2}% 3
\BOOKMARK [2][-]{subsection.2.2}{Segmentation\040and\040Virtual\040Reality\040Object\040Generation}{section.2}% 4
\BOOKMARK [2][-]{subsection.2.3}{Model\040Optimization}{section.2}% 5
\BOOKMARK [2][-]{subsection.2.4}{VR\040Environment\040Development}{section.2}% 6
\BOOKMARK [2][-]{subsection.2.5}{User\040Interaction\040and\040Interfaces}{section.2}% 7
\BOOKMARK [2][-]{subsection.2.6}{Synchronous\040Sharing}{section.2}% 8
\BOOKMARK [1][-]{section.3}{Methods}{}% 9
\BOOKMARK [1][-]{section.4}{Results}{}% 10
\BOOKMARK [1][-]{section.5}{Discussion}{}% 11
\BOOKMARK [1][-]{section.6}{Conclusion\040and\040Future\040Work}{}% 12
\BOOKMARK [1][-]{section.7}{Headings:\040first\040level}{}% 13
\BOOKMARK [2][-]{subsection.7.1}{Headings:\040second\040level}{section.7}% 14
\BOOKMARK [3][-]{subsubsection.7.1.1}{Headings:\040third\040level}{subsection.7.1}% 15
\BOOKMARK [1][-]{section.8}{Examples\040of\040citations,\040figures,\040tables,\040references}{}% 16
\BOOKMARK [2][-]{subsection.8.1}{Figures}{section.8}% 17
\BOOKMARK [2][-]{subsection.8.2}{Tables}{section.8}% 18
\BOOKMARK [2][-]{subsection.8.3}{Lists}{section.8}% 19
\BOOKMARK [1][-]{section.9}{Conclusion}{}% 20
